

Started GET "/rails/info/properties" for 127.0.0.1 at Thu May 19 16:55:56 +0300 2011

LoadError (no such file to load -- sqlite3):
  

Rendered C:/Ruby187/lib/ruby/gems/1.8/gems/actionpack-3.0.3/lib/action_dispatch/middleware/templates/rescues/_trace.erb (1.0ms)
Rendered C:/Ruby187/lib/ruby/gems/1.8/gems/actionpack-3.0.3/lib/action_dispatch/middleware/templates/rescues/_request_and_response.erb (25.0ms)
Rendered C:/Ruby187/lib/ruby/gems/1.8/gems/actionpack-3.0.3/lib/action_dispatch/middleware/templates/rescues/diagnostics.erb within rescues/layout (75.0ms)


Started GET "/rails/info/properties" for 127.0.0.1 at Thu May 19 17:15:52 +0300 2011
  Processing by Rails::InfoController#properties as HTML
  [1m[36mSQL (1.0ms)[0m  [1m SELECT name
 FROM sqlite_master
 WHERE type = 'table' AND NOT name = 'sqlite_sequence'
[0m
Rendered inline template (0.0ms)
Completed 200 OK in 136ms (Views: 15.0ms | ActiveRecord: 1.0ms)


Started GET "/users" for 127.0.0.1 at Mon May 23 15:08:25 +0300 2011

ActionController::RoutingError (No route matches "/users"):
  

Rendered C:/Ruby187/lib/ruby/gems/1.8/gems/actionpack-3.0.3/lib/action_dispatch/middleware/templates/rescues/routing_error.erb within rescues/layout (1.0ms)


Started GET "/users" for 127.0.0.1 at Mon May 23 15:08:32 +0300 2011

ActionController::RoutingError (No route matches "/users"):
  

Rendered C:/Ruby187/lib/ruby/gems/1.8/gems/actionpack-3.0.3/lib/action_dispatch/middleware/templates/rescues/routing_error.erb within rescues/layout (1.0ms)
  [1m[36mSQL (1.0ms)[0m  [1m SELECT name
 FROM sqlite_master
 WHERE type = 'table' AND NOT name = 'sqlite_sequence'
[0m
  [1m[35mSQL (0.0ms)[0m  select sqlite_version(*)
  [1m[36mSQL (155.0ms)[0m  [1mCREATE TABLE "schema_migrations" ("version" varchar(255) NOT NULL) [0m
  [1m[35mSQL (1.0ms)[0m  PRAGMA index_list("schema_migrations")
  [1m[36mSQL (8.0ms)[0m  [1mCREATE UNIQUE INDEX "unique_schema_migrations" ON "schema_migrations" ("version")[0m
  [1m[35mSQL (0.0ms)[0m   SELECT name
 FROM sqlite_master
 WHERE type = 'table' AND NOT name = 'sqlite_sequence'
  [1m[36mSQL (1.0ms)[0m  [1m SELECT name
 FROM sqlite_master
 WHERE type = 'table' AND NOT name = 'sqlite_sequence'
[0m
  [1m[35mSQL (0.0ms)[0m  SELECT "schema_migrations"."version" FROM "schema_migrations"
Migrating to CreateUsers (20110523120922)
  [1m[36mSQL (1.0ms)[0m  [1mCREATE TABLE "users" ("id" INTEGER PRIMARY KEY AUTOINCREMENT NOT NULL, "name" varchar(255), "email" varchar(255), "created_at" datetime, "updated_at" datetime) [0m
  [1m[35mSQL (0.0ms)[0m  INSERT INTO "schema_migrations" ("version") VALUES ('20110523120922')
Migrating to CreateMicroposts (20110523120958)
  [1m[36mSQL (1.0ms)[0m  [1mCREATE TABLE "microposts" ("id" INTEGER PRIMARY KEY AUTOINCREMENT NOT NULL, "content" varchar(255), "user_id" integer, "created_at" datetime, "updated_at" datetime) [0m
  [1m[35mSQL (0.0ms)[0m  INSERT INTO "schema_migrations" ("version") VALUES ('20110523120958')
  [1m[36mSQL (0.0ms)[0m  [1m SELECT name
 FROM sqlite_master
 WHERE type = 'table' AND NOT name = 'sqlite_sequence'
[0m
  [1m[35mSQL (1.0ms)[0m  SELECT "schema_migrations"."version" FROM "schema_migrations"
  [1m[36mSQL (0.0ms)[0m  [1m SELECT name
 FROM sqlite_master
 WHERE type = 'table' AND NOT name = 'sqlite_sequence'
[0m
  [1m[35mSQL (0.0ms)[0m  PRAGMA index_list("microposts")
  [1m[36mSQL (0.0ms)[0m  [1mPRAGMA index_list("users")[0m


Started GET "/users" for 127.0.0.1 at Mon May 23 15:11:22 +0300 2011
  Processing by UsersController#index as HTML
  [1m[36mUser Load (1.0ms)[0m  [1mSELECT "users".* FROM "users"[0m
Rendered users/index.html.erb within layouts/application (4.0ms)
Completed 200 OK in 193ms (Views: 24.0ms | ActiveRecord: 1.0ms)


Started GET "/microposts" for 127.0.0.1 at Mon May 23 15:12:44 +0300 2011
  Processing by MicropostsController#index as HTML
  [1m[35mMicropost Load (1.0ms)[0m  SELECT "microposts".* FROM "microposts"
Rendered microposts/index.html.erb within layouts/application (5.0ms)
Completed 200 OK in 26ms (Views: 19.0ms | ActiveRecord: 1.0ms)


Started GET "/microposts/new" for 127.0.0.1 at Mon May 23 15:12:47 +0300 2011
  Processing by MicropostsController#new as HTML
Rendered microposts/_form.html.erb (87.0ms)
Rendered microposts/new.html.erb within layouts/application (99.0ms)
Completed 200 OK in 130ms (Views: 123.0ms | ActiveRecord: 0.0ms)


Started POST "/microposts" for 127.0.0.1 at Mon May 23 15:12:52 +0300 2011
  Processing by MicropostsController#create as HTML
  Parameters: {"commit"=>"Create Micropost", "micropost"=>{"user_id"=>"1", "content"=>"wserasr"}, "authenticity_token"=>"JU7CEuiw71ZvlctuCyBGlCdO1e5HDbbSXQQhNd8ftog=", "utf8"=>"✓"}
  [1m[36mSQL (1.0ms)[0m  [1m SELECT name
 FROM sqlite_master
 WHERE type = 'table' AND NOT name = 'sqlite_sequence'
[0m
  [1m[35mAREL (1.0ms)[0m  INSERT INTO "microposts" ("content", "created_at", "updated_at", "user_id") VALUES ('wserasr', '2011-05-23 12:12:52.062443', '2011-05-23 12:12:52.062443', 1)
Redirected to http://localhost:3000/microposts/1
Completed 302 Found in 81ms


Started GET "/microposts/1" for 127.0.0.1 at Mon May 23 15:12:52 +0300 2011
  Processing by MicropostsController#show as HTML
  Parameters: {"id"=>"1"}
  [1m[36mMicropost Load (0.0ms)[0m  [1mSELECT "microposts".* FROM "microposts" WHERE ("microposts"."id" = 1) LIMIT 1[0m
Rendered microposts/show.html.erb within layouts/application (7.0ms)
Completed 200 OK in 31ms (Views: 24.0ms | ActiveRecord: 0.0ms)


Started GET "/microposts" for 127.0.0.1 at Mon May 23 15:12:55 +0300 2011
  Processing by MicropostsController#index as HTML
  [1m[35mMicropost Load (0.0ms)[0m  SELECT "microposts".* FROM "microposts"
Rendered microposts/index.html.erb within layouts/application (8.0ms)
Completed 200 OK in 31ms (Views: 25.0ms | ActiveRecord: 2.0ms)


Started GET "/microposts/new" for 127.0.0.1 at Mon May 23 15:12:56 +0300 2011
  Processing by MicropostsController#new as HTML
Rendered microposts/_form.html.erb (7.0ms)
Rendered microposts/new.html.erb within layouts/application (15.0ms)
Completed 200 OK in 38ms (Views: 31.0ms | ActiveRecord: 0.0ms)


Started POST "/microposts" for 127.0.0.1 at Mon May 23 15:12:59 +0300 2011
  Processing by MicropostsController#create as HTML
  Parameters: {"commit"=>"Create Micropost", "micropost"=>{"user_id"=>"1", "content"=>"123124"}, "authenticity_token"=>"JU7CEuiw71ZvlctuCyBGlCdO1e5HDbbSXQQhNd8ftog=", "utf8"=>"✓"}
  [1m[36mAREL (1.0ms)[0m  [1mINSERT INTO "microposts" ("created_at", "updated_at", "user_id", "content") VALUES ('2011-05-23 12:12:59.886890', '2011-05-23 12:12:59.886890', 1, '123124')[0m
Redirected to http://localhost:3000/microposts/2
Completed 302 Found in 25ms


Started GET "/microposts/2" for 127.0.0.1 at Mon May 23 15:12:59 +0300 2011
  Processing by MicropostsController#show as HTML
  Parameters: {"id"=>"2"}
  [1m[35mMicropost Load (0.0ms)[0m  SELECT "microposts".* FROM "microposts" WHERE ("microposts"."id" = 2) LIMIT 1
Rendered microposts/show.html.erb within layouts/application (7.0ms)
Completed 200 OK in 30ms (Views: 23.0ms | ActiveRecord: 0.0ms)


Started GET "/microposts" for 127.0.0.1 at Mon May 23 15:13:02 +0300 2011
  Processing by MicropostsController#index as HTML
  [1m[36mMicropost Load (0.0ms)[0m  [1mSELECT "microposts".* FROM "microposts"[0m
Rendered microposts/index.html.erb within layouts/application (10.0ms)
Completed 200 OK in 35ms (Views: 27.0ms | ActiveRecord: 1.0ms)


Started GET "/microposts/new" for 127.0.0.1 at Mon May 23 15:13:04 +0300 2011
  Processing by MicropostsController#new as HTML
Rendered microposts/_form.html.erb (6.0ms)
Rendered microposts/new.html.erb within layouts/application (15.0ms)
Completed 200 OK in 39ms (Views: 31.0ms | ActiveRecord: 0.0ms)


Started POST "/microposts" for 127.0.0.1 at Mon May 23 15:13:09 +0300 2011
  Processing by MicropostsController#create as HTML
  Parameters: {"commit"=>"Create Micropost", "micropost"=>{"user_id"=>"2", "content"=>"test"}, "authenticity_token"=>"JU7CEuiw71ZvlctuCyBGlCdO1e5HDbbSXQQhNd8ftog=", "utf8"=>"✓"}
  [1m[35mAREL (1.0ms)[0m  INSERT INTO "microposts" ("created_at", "user_id", "updated_at", "content") VALUES ('2011-05-23 12:13:09.509441', 2, '2011-05-23 12:13:09.509441', 'test')
Redirected to http://localhost:3000/microposts/3
Completed 302 Found in 25ms


Started GET "/microposts/3" for 127.0.0.1 at Mon May 23 15:13:09 +0300 2011
  Processing by MicropostsController#show as HTML
  Parameters: {"id"=>"3"}
  [1m[36mMicropost Load (0.0ms)[0m  [1mSELECT "microposts".* FROM "microposts" WHERE ("microposts"."id" = 3) LIMIT 1[0m
Rendered microposts/show.html.erb within layouts/application (7.0ms)
Completed 200 OK in 31ms (Views: 24.0ms | ActiveRecord: 0.0ms)


Started GET "/microposts" for 127.0.0.1 at Mon May 23 15:13:11 +0300 2011
  Processing by MicropostsController#index as HTML
  [1m[35mMicropost Load (1.0ms)[0m  SELECT "microposts".* FROM "microposts"
Rendered microposts/index.html.erb within layouts/application (12.0ms)
Completed 200 OK in 76ms (Views: 69.0ms | ActiveRecord: 2.0ms)


Started GET "/users" for 127.0.0.1 at Mon May 23 15:13:17 +0300 2011
  Processing by UsersController#index as HTML
  [1m[36mUser Load (0.0ms)[0m  [1mSELECT "users".* FROM "users"[0m
Rendered users/index.html.erb within layouts/application (4.0ms)
Completed 200 OK in 27ms (Views: 20.0ms | ActiveRecord: 0.0ms)


Started GET "/users/new" for 127.0.0.1 at Mon May 23 15:13:18 +0300 2011
  Processing by UsersController#new as HTML
Rendered users/_form.html.erb (7.0ms)
Rendered users/new.html.erb within layouts/application (15.0ms)
Completed 200 OK in 39ms (Views: 31.0ms | ActiveRecord: 0.0ms)


Started POST "/users" for 127.0.0.1 at Mon May 23 15:13:21 +0300 2011
  Processing by UsersController#create as HTML
  Parameters: {"commit"=>"Create User", "authenticity_token"=>"JU7CEuiw71ZvlctuCyBGlCdO1e5HDbbSXQQhNd8ftog=", "utf8"=>"✓", "user"=>{"name"=>"1", "email"=>"123@gmail.com"}}
  [1m[35mAREL (0.0ms)[0m  INSERT INTO "users" ("updated_at", "email", "created_at", "name") VALUES ('2011-05-23 12:13:21.930151', '123@gmail.com', '2011-05-23 12:13:21.930151', '1')
Redirected to http://localhost:3000/users/1
Completed 302 Found in 21ms


Started GET "/users/1" for 127.0.0.1 at Mon May 23 15:13:21 +0300 2011
  Processing by UsersController#show as HTML
  Parameters: {"id"=>"1"}
  [1m[36mUser Load (0.0ms)[0m  [1mSELECT "users".* FROM "users" WHERE ("users"."id" = 1) LIMIT 1[0m
Rendered users/show.html.erb within layouts/application (8.0ms)
Completed 200 OK in 30ms (Views: 23.0ms | ActiveRecord: 0.0ms)


Started GET "/users" for 127.0.0.1 at Mon May 23 15:13:24 +0300 2011
  Processing by UsersController#index as HTML
  [1m[35mUser Load (1.0ms)[0m  SELECT "users".* FROM "users"
Rendered users/index.html.erb within layouts/application (9.0ms)
Completed 200 OK in 76ms (Views: 25.0ms | ActiveRecord: 1.0ms)


Started GET "/microposts" for 127.0.0.1 at Mon May 23 15:13:30 +0300 2011
  Processing by MicropostsController#index as HTML
  [1m[36mMicropost Load (0.0ms)[0m  [1mSELECT "microposts".* FROM "microposts"[0m
Rendered microposts/index.html.erb within layouts/application (11.0ms)
Completed 200 OK in 33ms (Views: 27.0ms | ActiveRecord: 0.0ms)


Started GET "/microposts/new" for 127.0.0.1 at Mon May 23 15:13:54 +0300 2011
  Processing by MicropostsController#new as HTML
Rendered microposts/_form.html.erb (6.0ms)
Rendered microposts/new.html.erb within layouts/application (13.0ms)
Completed 200 OK in 34ms (Views: 29.0ms | ActiveRecord: 0.0ms)


Started GET "/microposts" for 127.0.0.1 at Mon May 23 15:14:16 +0300 2011
  Processing by MicropostsController#index as HTML
  [1m[35mMicropost Load (0.0ms)[0m  SELECT "microposts".* FROM "microposts"
Rendered microposts/index.html.erb within layouts/application (10.0ms)
Completed 200 OK in 31ms (Views: 25.0ms | ActiveRecord: 0.0ms)


Started GET "/microposts/1" for 127.0.0.1 at Mon May 23 15:14:26 +0300 2011
  Processing by MicropostsController#show as HTML
  Parameters: {"id"=>"1"}
  [1m[36mMicropost Load (0.0ms)[0m  [1mSELECT "microposts".* FROM "microposts" WHERE ("microposts"."id" = 1) LIMIT 1[0m
Rendered microposts/show.html.erb within layouts/application (8.0ms)
Completed 200 OK in 44ms (Views: 34.0ms | ActiveRecord: 0.0ms)


Started GET "/microposts" for 127.0.0.1 at Mon May 23 15:14:28 +0300 2011
  Processing by MicropostsController#index as HTML
  [1m[35mMicropost Load (0.0ms)[0m  SELECT "microposts".* FROM "microposts"
Rendered microposts/index.html.erb within layouts/application (9.0ms)
Completed 200 OK in 30ms (Views: 24.0ms | ActiveRecord: 0.0ms)


Started GET "/microposts/new" for 127.0.0.1 at Mon May 23 15:33:31 +0300 2011
  Processing by MicropostsController#new as HTML
Rendered microposts/_form.html.erb (5.0ms)
Rendered microposts/new.html.erb within layouts/application (12.0ms)
Completed 200 OK in 80ms (Views: 28.0ms | ActiveRecord: 0.0ms)


Started POST "/microposts" for 127.0.0.1 at Mon May 23 15:33:43 +0300 2011
  Processing by MicropostsController#create as HTML
  Parameters: {"commit"=>"Create Micropost", "micropost"=>{"user_id"=>"", "content"=>"asfrasfasasfrasfasvvvvvvvvvvvvvvvvvvvvvvvvvvvvvvvvvvvvvvasfrasfasasfrasfasasfrasfasasfrasfasasfrasfasasfrasfasasfrasfasasfrasfasasfrasfasasfrasfasasfrasfasasfrasfasasfrasfasasfrasfas   asfrasfas"}, "authenticity_token"=>"JU7CEuiw71ZvlctuCyBGlCdO1e5HDbbSXQQhNd8ftog=", "utf8"=>"✓"}
Rendered microposts/_form.html.erb (5.0ms)
Rendered microposts/new.html.erb within layouts/application (12.0ms)
Completed 200 OK in 40ms (Views: 28.0ms | ActiveRecord: 0.0ms)
  [1m[36mUser Load (1.0ms)[0m  [1mSELECT "users".* FROM "users" LIMIT 1[0m
  [1m[35mUser Load (1.0ms)[0m  SELECT "users".* FROM "users" LIMIT 1
  [1m[36mMicropost Load (0.0ms)[0m  [1mSELECT "microposts".* FROM "microposts" WHERE ("microposts".user_id = 1)[0m


Started GET "/microposts" for 127.0.0.1 at Tue May 24 10:54:59 +0300 2011

ActiveRecord::AdapterNotSpecified (database configuration does not specify adapter):
  

Rendered C:/Ruby187/lib/ruby/gems/1.8/gems/actionpack-3.0.3/lib/action_dispatch/middleware/templates/rescues/_trace.erb (1.0ms)
Rendered C:/Ruby187/lib/ruby/gems/1.8/gems/actionpack-3.0.3/lib/action_dispatch/middleware/templates/rescues/_request_and_response.erb (24.0ms)
Rendered C:/Ruby187/lib/ruby/gems/1.8/gems/actionpack-3.0.3/lib/action_dispatch/middleware/templates/rescues/diagnostics.erb within rescues/layout (65.0ms)


Started GET "/microposts" for 127.0.0.1 at Tue May 24 10:57:22 +0300 2011

RuntimeError (!!! Missing the mysql2 gem. Add it to your Gemfile: gem 'mysql2'):
  

Rendered C:/Ruby187/lib/ruby/gems/1.8/gems/actionpack-3.0.3/lib/action_dispatch/middleware/templates/rescues/_trace.erb (1.0ms)
Rendered C:/Ruby187/lib/ruby/gems/1.8/gems/actionpack-3.0.3/lib/action_dispatch/middleware/templates/rescues/_request_and_response.erb (10.0ms)
Rendered C:/Ruby187/lib/ruby/gems/1.8/gems/actionpack-3.0.3/lib/action_dispatch/middleware/templates/rescues/diagnostics.erb within rescues/layout (26.0ms)


Started GET "/microposts" for 127.0.0.1 at Tue May 24 10:58:48 +0300 2011

RuntimeError (!!! Missing the mysql2 gem. Add it to your Gemfile: gem 'mysql2'):
  

Rendered C:/Ruby187/lib/ruby/gems/1.8/gems/actionpack-3.0.3/lib/action_dispatch/middleware/templates/rescues/_trace.erb (1.0ms)
Rendered C:/Ruby187/lib/ruby/gems/1.8/gems/actionpack-3.0.3/lib/action_dispatch/middleware/templates/rescues/_request_and_response.erb (10.0ms)
Rendered C:/Ruby187/lib/ruby/gems/1.8/gems/actionpack-3.0.3/lib/action_dispatch/middleware/templates/rescues/diagnostics.erb within rescues/layout (24.0ms)


Started GET "/microposts" for 127.0.0.1 at Tue May 24 10:58:55 +0300 2011

RuntimeError (!!! Missing the mysql2 gem. Add it to your Gemfile: gem 'mysql2'):
  

Rendered C:/Ruby187/lib/ruby/gems/1.8/gems/actionpack-3.0.3/lib/action_dispatch/middleware/templates/rescues/_trace.erb (2.0ms)
Rendered C:/Ruby187/lib/ruby/gems/1.8/gems/actionpack-3.0.3/lib/action_dispatch/middleware/templates/rescues/_request_and_response.erb (3.0ms)
Rendered C:/Ruby187/lib/ruby/gems/1.8/gems/actionpack-3.0.3/lib/action_dispatch/middleware/templates/rescues/diagnostics.erb within rescues/layout (21.0ms)


Started GET "/microposts" for 127.0.0.1 at Tue May 24 10:58:56 +0300 2011

RuntimeError (!!! Missing the mysql2 gem. Add it to your Gemfile: gem 'mysql2'):
  

Rendered C:/Ruby187/lib/ruby/gems/1.8/gems/actionpack-3.0.3/lib/action_dispatch/middleware/templates/rescues/_trace.erb (1.0ms)
Rendered C:/Ruby187/lib/ruby/gems/1.8/gems/actionpack-3.0.3/lib/action_dispatch/middleware/templates/rescues/_request_and_response.erb (1.0ms)
Rendered C:/Ruby187/lib/ruby/gems/1.8/gems/actionpack-3.0.3/lib/action_dispatch/middleware/templates/rescues/diagnostics.erb within rescues/layout (16.0ms)


Started GET "/microposts" for 127.0.0.1 at Tue May 24 10:58:56 +0300 2011

RuntimeError (!!! Missing the mysql2 gem. Add it to your Gemfile: gem 'mysql2'):
  

Rendered C:/Ruby187/lib/ruby/gems/1.8/gems/actionpack-3.0.3/lib/action_dispatch/middleware/templates/rescues/_trace.erb (1.0ms)
Rendered C:/Ruby187/lib/ruby/gems/1.8/gems/actionpack-3.0.3/lib/action_dispatch/middleware/templates/rescues/_request_and_response.erb (2.0ms)
Rendered C:/Ruby187/lib/ruby/gems/1.8/gems/actionpack-3.0.3/lib/action_dispatch/middleware/templates/rescues/diagnostics.erb within rescues/layout (16.0ms)


Started GET "/microposts" for 127.0.0.1 at Tue May 24 10:58:57 +0300 2011

RuntimeError (!!! Missing the mysql2 gem. Add it to your Gemfile: gem 'mysql2'):
  

Rendered C:/Ruby187/lib/ruby/gems/1.8/gems/actionpack-3.0.3/lib/action_dispatch/middleware/templates/rescues/_trace.erb (1.0ms)
Rendered C:/Ruby187/lib/ruby/gems/1.8/gems/actionpack-3.0.3/lib/action_dispatch/middleware/templates/rescues/_request_and_response.erb (2.0ms)
Rendered C:/Ruby187/lib/ruby/gems/1.8/gems/actionpack-3.0.3/lib/action_dispatch/middleware/templates/rescues/diagnostics.erb within rescues/layout (17.0ms)


Started GET "/microposts" for 127.0.0.1 at Tue May 24 10:58:57 +0300 2011

RuntimeError (!!! Missing the mysql2 gem. Add it to your Gemfile: gem 'mysql2'):
  

Rendered C:/Ruby187/lib/ruby/gems/1.8/gems/actionpack-3.0.3/lib/action_dispatch/middleware/templates/rescues/_trace.erb (2.0ms)
Rendered C:/Ruby187/lib/ruby/gems/1.8/gems/actionpack-3.0.3/lib/action_dispatch/middleware/templates/rescues/_request_and_response.erb (2.0ms)
Rendered C:/Ruby187/lib/ruby/gems/1.8/gems/actionpack-3.0.3/lib/action_dispatch/middleware/templates/rescues/diagnostics.erb within rescues/layout (16.0ms)


Started GET "/microposts" for 127.0.0.1 at Tue May 24 10:58:58 +0300 2011

RuntimeError (!!! Missing the mysql2 gem. Add it to your Gemfile: gem 'mysql2'):
  

Rendered C:/Ruby187/lib/ruby/gems/1.8/gems/actionpack-3.0.3/lib/action_dispatch/middleware/templates/rescues/_trace.erb (1.0ms)
Rendered C:/Ruby187/lib/ruby/gems/1.8/gems/actionpack-3.0.3/lib/action_dispatch/middleware/templates/rescues/_request_and_response.erb (2.0ms)
Rendered C:/Ruby187/lib/ruby/gems/1.8/gems/actionpack-3.0.3/lib/action_dispatch/middleware/templates/rescues/diagnostics.erb within rescues/layout (16.0ms)


Started GET "/microposts" for 127.0.0.1 at Tue May 24 10:58:58 +0300 2011

RuntimeError (!!! Missing the mysql2 gem. Add it to your Gemfile: gem 'mysql2'):
  

Rendered C:/Ruby187/lib/ruby/gems/1.8/gems/actionpack-3.0.3/lib/action_dispatch/middleware/templates/rescues/_trace.erb (1.0ms)
Rendered C:/Ruby187/lib/ruby/gems/1.8/gems/actionpack-3.0.3/lib/action_dispatch/middleware/templates/rescues/_request_and_response.erb (2.0ms)
Rendered C:/Ruby187/lib/ruby/gems/1.8/gems/actionpack-3.0.3/lib/action_dispatch/middleware/templates/rescues/diagnostics.erb within rescues/layout (17.0ms)


Started GET "/microposts" for 127.0.0.1 at Tue May 24 11:03:22 +0300 2011

Mysql::Error (Unknown database 'tw_database.sql'):
  

Rendered C:/Ruby187/lib/ruby/gems/1.8/gems/actionpack-3.0.3/lib/action_dispatch/middleware/templates/rescues/_trace.erb (1.0ms)
Rendered C:/Ruby187/lib/ruby/gems/1.8/gems/actionpack-3.0.3/lib/action_dispatch/middleware/templates/rescues/_request_and_response.erb (11.0ms)
Rendered C:/Ruby187/lib/ruby/gems/1.8/gems/actionpack-3.0.3/lib/action_dispatch/middleware/templates/rescues/diagnostics.erb within rescues/layout (27.0ms)


Started GET "/microposts" for 127.0.0.1 at Tue May 24 11:07:01 +0300 2011

LoadError (no such file to load -- sqlite3):
  

Rendered C:/Ruby187/lib/ruby/gems/1.8/gems/actionpack-3.0.3/lib/action_dispatch/middleware/templates/rescues/_trace.erb (1.0ms)
Rendered C:/Ruby187/lib/ruby/gems/1.8/gems/actionpack-3.0.3/lib/action_dispatch/middleware/templates/rescues/_request_and_response.erb (10.0ms)
Rendered C:/Ruby187/lib/ruby/gems/1.8/gems/actionpack-3.0.3/lib/action_dispatch/middleware/templates/rescues/diagnostics.erb within rescues/layout (24.0ms)
  [1m[36mSQL (0.0ms)[0m  [1mSHOW TABLES[0m
  [1m[35mSQL (199.0ms)[0m  CREATE TABLE `schema_migrations` (`version` varchar(255) NOT NULL) ENGINE=InnoDB
  [1m[36mSQL (1.0ms)[0m  [1mSHOW KEYS FROM `schema_migrations`[0m
  [1m[35mSQL (80.0ms)[0m  CREATE UNIQUE INDEX `unique_schema_migrations` ON `schema_migrations` (`version`)
  [1m[36mSQL (2.0ms)[0m  [1mSHOW TABLES[0m
  [1m[35mSQL (1.0ms)[0m  SHOW TABLES
  [1m[36mSQL (0.0ms)[0m  [1mSELECT `schema_migrations`.`version` FROM `schema_migrations`[0m
Migrating to CreateMicroposts (20110524081303)
  [1m[35mSQL (8.0ms)[0m  CREATE TABLE `microposts` (`id` int(11) DEFAULT NULL auto_increment PRIMARY KEY, `content` varchar(255), `user_id` int(11), `created_at` datetime, `updated_at` datetime) ENGINE=InnoDB
  [1m[36mSQL (8.0ms)[0m  [1mINSERT INTO `schema_migrations` (`version`) VALUES ('20110524081303')[0m
Migrating to CreateUsers (20110524081339)
  [1m[35mSQL (30.0ms)[0m  CREATE TABLE `users` (`id` int(11) DEFAULT NULL auto_increment PRIMARY KEY, `name` varchar(255), `email` varchar(255), `created_at` datetime, `updated_at` datetime) ENGINE=InnoDB
  [1m[36mSQL (12.0ms)[0m  [1mINSERT INTO `schema_migrations` (`version`) VALUES ('20110524081339')[0m
  [1m[35mSQL (1.0ms)[0m  SHOW TABLES
  [1m[36mSQL (1.0ms)[0m  [1mSELECT `schema_migrations`.`version` FROM `schema_migrations`[0m
  [1m[35mSQL (1.0ms)[0m  SHOW TABLES
  [1m[36mSQL (4.0ms)[0m  [1mdescribe `microposts`[0m
  [1m[35mSQL (0.0ms)[0m  SHOW KEYS FROM `microposts`
  [1m[36mSQL (3.0ms)[0m  [1mdescribe `users`[0m
  [1m[35mSQL (0.0ms)[0m  SHOW KEYS FROM `users`


Started GET "/microposts" for 127.0.0.1 at Tue May 24 11:17:45 +0300 2011
  Processing by MicropostsController#index as HTML
  [1m[36mMicropost Load (0.0ms)[0m  [1mSELECT `microposts`.* FROM `microposts`[0m
Rendered microposts/index.html.erb within layouts/application (4.0ms)
Completed 200 OK in 239ms (Views: 20.0ms | ActiveRecord: 0.0ms)


Started GET "/users" for 127.0.0.1 at Tue May 24 11:17:50 +0300 2011
  Processing by UsersController#index as HTML
  [1m[35mUser Load (1.0ms)[0m  SELECT `users`.* FROM `users`
Rendered users/index.html.erb within layouts/application (4.0ms)
Completed 200 OK in 27ms (Views: 21.0ms | ActiveRecord: 1.0ms)


Started GET "/users/new" for 127.0.0.1 at Tue May 24 11:17:52 +0300 2011
  Processing by UsersController#new as HTML
Rendered users/_form.html.erb (125.0ms)
Rendered users/new.html.erb within layouts/application (133.0ms)
Completed 200 OK in 161ms (Views: 150.0ms | ActiveRecord: 0.0ms)


Started POST "/users" for 127.0.0.1 at Tue May 24 11:17:55 +0300 2011
  Processing by UsersController#create as HTML
  Parameters: {"commit"=>"Create User", "authenticity_token"=>"JU7CEuiw71ZvlctuCyBGlCdO1e5HDbbSXQQhNd8ftog=", "utf8"=>"✓", "user"=>{"name"=>"1", "email"=>"123@gmail.com"}}
  [1m[36mSQL (0.0ms)[0m  [1mBEGIN[0m
  [1m[35mSQL (2.0ms)[0m  SHOW TABLES
  [1m[36mSQL (4.0ms)[0m  [1mdescribe `users`[0m
  [1m[35mAREL (1.0ms)[0m  INSERT INTO `users` (`updated_at`, `created_at`, `name`, `email`) VALUES ('2011-05-24 08:17:55', '2011-05-24 08:17:55', '1', '123@gmail.com')
  [1m[36mSQL (3.0ms)[0m  [1mCOMMIT[0m
Redirected to http://localhost:3000/users/1
Completed 302 Found in 96ms


Started GET "/users/1" for 127.0.0.1 at Tue May 24 11:17:56 +0300 2011
  Processing by UsersController#show as HTML
  Parameters: {"id"=>"1"}
  [1m[35mUser Load (22.0ms)[0m  SELECT `users`.* FROM `users` WHERE (`users`.`id` = 1) LIMIT 1
Rendered users/show.html.erb within layouts/application (12.0ms)
Completed 200 OK in 65ms (Views: 30.0ms | ActiveRecord: 22.0ms)


Started GET "/users" for 127.0.0.1 at Tue May 24 11:17:57 +0300 2011
  Processing by UsersController#index as HTML
  [1m[36mUser Load (1.0ms)[0m  [1mSELECT `users`.* FROM `users`[0m
Rendered users/index.html.erb within layouts/application (13.0ms)
Completed 200 OK in 36ms (Views: 29.0ms | ActiveRecord: 11.0ms)


Started GET "/users/new" for 127.0.0.1 at Tue May 24 11:17:58 +0300 2011
  Processing by UsersController#new as HTML
Rendered users/_form.html.erb (7.0ms)
Rendered users/new.html.erb within layouts/application (15.0ms)
Completed 200 OK in 42ms (Views: 31.0ms | ActiveRecord: 0.0ms)


Started POST "/users" for 127.0.0.1 at Tue May 24 11:18:05 +0300 2011
  Processing by UsersController#create as HTML
  Parameters: {"commit"=>"Create User", "authenticity_token"=>"JU7CEuiw71ZvlctuCyBGlCdO1e5HDbbSXQQhNd8ftog=", "utf8"=>"✓", "user"=>{"name"=>"2", "email"=>"1234@gmail.com"}}
  [1m[35mSQL (1.0ms)[0m  BEGIN
  [1m[36mSQL (4.0ms)[0m  [1mdescribe `users`[0m
  [1m[35mAREL (0.0ms)[0m  INSERT INTO `users` (`name`, `updated_at`, `email`, `created_at`) VALUES ('2', '2011-05-24 08:18:05', '1234@gmail.com', '2011-05-24 08:18:05')
  [1m[36mSQL (3.0ms)[0m  [1mCOMMIT[0m
Redirected to http://localhost:3000/users/2
Completed 302 Found in 71ms


Started GET "/users/2" for 127.0.0.1 at Tue May 24 11:18:05 +0300 2011
  Processing by UsersController#show as HTML
  Parameters: {"id"=>"2"}
  [1m[35mUser Load (1.0ms)[0m  SELECT `users`.* FROM `users` WHERE (`users`.`id` = 2) LIMIT 1
Rendered users/show.html.erb within layouts/application (11.0ms)
Completed 200 OK in 38ms (Views: 27.0ms | ActiveRecord: 1.0ms)


Started GET "/users" for 127.0.0.1 at Tue May 24 11:18:07 +0300 2011
  Processing by UsersController#index as HTML
  [1m[36mUser Load (1.0ms)[0m  [1mSELECT `users`.* FROM `users`[0m
Rendered users/index.html.erb within layouts/application (15.0ms)
Completed 200 OK in 39ms (Views: 31.0ms | ActiveRecord: 9.0ms)


Started GET "/microposts/new" for 127.0.0.1 at Tue May 24 11:18:27 +0300 2011
  Processing by MicropostsController#new as HTML
Rendered microposts/_form.html.erb (7.0ms)
Rendered microposts/new.html.erb within layouts/application (15.0ms)
Completed 200 OK in 41ms (Views: 31.0ms | ActiveRecord: 0.0ms)


Started POST "/microposts" for 127.0.0.1 at Tue May 24 11:18:33 +0300 2011
  Processing by MicropostsController#create as HTML
  Parameters: {"commit"=>"Create Micropost", "micropost"=>{"user_id"=>"1", "content"=>"test"}, "authenticity_token"=>"JU7CEuiw71ZvlctuCyBGlCdO1e5HDbbSXQQhNd8ftog=", "utf8"=>"✓"}
  [1m[35mSQL (0.0ms)[0m  BEGIN
  [1m[36mSQL (4.0ms)[0m  [1mdescribe `microposts`[0m
  [1m[35mAREL (0.0ms)[0m  INSERT INTO `microposts` (`content`, `created_at`, `user_id`, `updated_at`) VALUES ('test', '2011-05-24 08:18:33', 1, '2011-05-24 08:18:33')
  [1m[36mSQL (5.0ms)[0m  [1mCOMMIT[0m
Redirected to http://localhost:3000/microposts/1
Completed 302 Found in 36ms


Started GET "/microposts/1" for 127.0.0.1 at Tue May 24 11:18:33 +0300 2011
  Processing by MicropostsController#show as HTML
  Parameters: {"id"=>"1"}
  [1m[35mMicropost Load (0.0ms)[0m  SELECT `microposts`.* FROM `microposts` WHERE (`microposts`.`id` = 1) LIMIT 1
Rendered microposts/show.html.erb within layouts/application (12.0ms)
Completed 200 OK in 84ms (Views: 29.0ms | ActiveRecord: 0.0ms)


Started GET "/microposts" for 127.0.0.1 at Tue May 24 11:18:35 +0300 2011
  Processing by MicropostsController#index as HTML
  [1m[36mMicropost Load (1.0ms)[0m  [1mSELECT `microposts`.* FROM `microposts`[0m
Rendered microposts/index.html.erb within layouts/application (14.0ms)
Completed 200 OK in 37ms (Views: 30.0ms | ActiveRecord: 10.0ms)


Started GET "/microposts/new" for 127.0.0.1 at Tue May 24 11:18:36 +0300 2011
  Processing by MicropostsController#new as HTML
Rendered microposts/_form.html.erb (7.0ms)
Rendered microposts/new.html.erb within layouts/application (16.0ms)
Completed 200 OK in 44ms (Views: 33.0ms | ActiveRecord: 0.0ms)


Started POST "/microposts" for 127.0.0.1 at Tue May 24 11:18:42 +0300 2011
  Processing by MicropostsController#create as HTML
  Parameters: {"commit"=>"Create Micropost", "micropost"=>{"user_id"=>"2", "content"=>"test02"}, "authenticity_token"=>"JU7CEuiw71ZvlctuCyBGlCdO1e5HDbbSXQQhNd8ftog=", "utf8"=>"✓"}
  [1m[35mSQL (0.0ms)[0m  BEGIN
  [1m[36mSQL (4.0ms)[0m  [1mdescribe `microposts`[0m
  [1m[35mAREL (0.0ms)[0m  INSERT INTO `microposts` (`created_at`, `updated_at`, `content`, `user_id`) VALUES ('2011-05-24 08:18:42', '2011-05-24 08:18:42', 'test02', 2)
  [1m[36mSQL (5.0ms)[0m  [1mCOMMIT[0m
Redirected to http://localhost:3000/microposts/2
Completed 302 Found in 35ms


Started GET "/microposts/2" for 127.0.0.1 at Tue May 24 11:18:42 +0300 2011
  Processing by MicropostsController#show as HTML
  Parameters: {"id"=>"2"}
  [1m[35mMicropost Load (1.0ms)[0m  SELECT `microposts`.* FROM `microposts` WHERE (`microposts`.`id` = 2) LIMIT 1
Rendered microposts/show.html.erb within layouts/application (11.0ms)
Completed 200 OK in 39ms (Views: 27.0ms | ActiveRecord: 1.0ms)


Started GET "/microposts" for 127.0.0.1 at Tue May 24 11:18:44 +0300 2011
  Processing by MicropostsController#index as HTML
  [1m[36mMicropost Load (0.0ms)[0m  [1mSELECT `microposts`.* FROM `microposts`[0m
Rendered microposts/index.html.erb within layouts/application (16.0ms)
Completed 200 OK in 41ms (Views: 32.0ms | ActiveRecord: 9.0ms)


Started GET "/microposts/new" for 127.0.0.1 at Tue May 24 11:19:05 +0300 2011
  Processing by MicropostsController#new as HTML
Rendered microposts/_form.html.erb (7.0ms)
Rendered microposts/new.html.erb within layouts/application (15.0ms)
Completed 200 OK in 43ms (Views: 31.0ms | ActiveRecord: 0.0ms)


Started POST "/microposts" for 127.0.0.1 at Tue May 24 11:19:10 +0300 2011
  Processing by MicropostsController#create as HTML
  Parameters: {"commit"=>"Create Micropost", "micropost"=>{"user_id"=>"1", "content"=>"asdqwffascas"}, "authenticity_token"=>"JU7CEuiw71ZvlctuCyBGlCdO1e5HDbbSXQQhNd8ftog=", "utf8"=>"✓"}
  [1m[35mSQL (0.0ms)[0m  BEGIN
  [1m[36mSQL (4.0ms)[0m  [1mdescribe `microposts`[0m
  [1m[35mAREL (1.0ms)[0m  INSERT INTO `microposts` (`content`, `created_at`, `user_id`, `updated_at`) VALUES ('asdqwffascas', '2011-05-24 08:19:10', 1, '2011-05-24 08:19:10')
  [1m[36mSQL (31.0ms)[0m  [1mCOMMIT[0m
Redirected to http://localhost:3000/microposts/3
Completed 302 Found in 59ms


Started GET "/microposts/3" for 127.0.0.1 at Tue May 24 11:19:10 +0300 2011
  Processing by MicropostsController#show as HTML
  Parameters: {"id"=>"3"}
  [1m[35mMicropost Load (0.0ms)[0m  SELECT `microposts`.* FROM `microposts` WHERE (`microposts`.`id` = 3) LIMIT 1
Rendered microposts/show.html.erb within layouts/application (13.0ms)
Completed 200 OK in 42ms (Views: 30.0ms | ActiveRecord: 0.0ms)


Started GET "/microposts" for 127.0.0.1 at Tue May 24 11:19:11 +0300 2011
  Processing by MicropostsController#index as HTML
  [1m[36mMicropost Load (0.0ms)[0m  [1mSELECT `microposts`.* FROM `microposts`[0m
Rendered microposts/index.html.erb within layouts/application (17.0ms)
Completed 200 OK in 42ms (Views: 34.0ms | ActiveRecord: 36.0ms)


Started GET "/microposts" for 127.0.0.1 at Tue May 24 11:45:12 +0300 2011
  Processing by MicropostsController#index as HTML
  [1m[35mMicropost Load (1.0ms)[0m  SELECT `microposts`.* FROM `microposts`
Rendered microposts/index.html.erb within layouts/application (17.0ms)
Completed 200 OK in 41ms (Views: 34.0ms | ActiveRecord: 1.0ms)


Started GET "/microposts/new" for 127.0.0.1 at Tue May 24 11:45:17 +0300 2011
  Processing by MicropostsController#new as HTML
Rendered microposts/_form.html.erb (7.0ms)
Rendered microposts/new.html.erb within layouts/application (15.0ms)
Completed 200 OK in 41ms (Views: 31.0ms | ActiveRecord: 0.0ms)


Started GET "/microposts" for 127.0.0.1 at Tue May 24 11:45:22 +0300 2011
  Processing by MicropostsController#index as HTML
  [1m[36mMicropost Load (1.0ms)[0m  [1mSELECT `microposts`.* FROM `microposts`[0m
Rendered microposts/index.html.erb within layouts/application (17.0ms)
Completed 200 OK in 39ms (Views: 32.0ms | ActiveRecord: 1.0ms)


Started GET "/pages/home" for 127.0.0.1 at Tue May 24 11:51:56 +0300 2011
  Processing by PagesController#home as HTML
Rendered pages/home.html.erb within layouts/application (3.0ms)
Completed 200 OK in 22ms (Views: 22.0ms | ActiveRecord: 0.0ms)


Started GET "/pages/home" for 127.0.0.1 at Fri May 27 13:56:17 +0300 2011
  Processing by PagesController#home as HTML
Rendered pages/home.html.erb within layouts/application (35.0ms)
Completed 200 OK in 59ms (Views: 58.0ms | ActiveRecord: 0.0ms)


Started GET "/pages/contact" for 127.0.0.1 at Fri May 27 16:09:06 +0300 2011
  Processing by PagesController#contact as HTML
Rendered pages/contact.html.erb within layouts/application (3.0ms)
Completed 200 OK in 25ms (Views: 25.0ms | ActiveRecord: 0.0ms)
  [1m[36mSQL (137.0ms)[0m  [1mSHOW TABLES[0m
  [1m[35mSQL (3.0ms)[0m  SHOW TABLES
  [1m[36mSQL (25.0ms)[0m  [1mSELECT `schema_migrations`.`version` FROM `schema_migrations`[0m
Migrating to CreateMicroposts (20110524081303)
Migrating to CreateUsers (20110524081339)
  [1m[35mSQL (3.0ms)[0m  SHOW TABLES
  [1m[36mSQL (1.0ms)[0m  [1mSELECT `schema_migrations`.`version` FROM `schema_migrations`[0m
  [1m[35mSQL (2.0ms)[0m  SHOW TABLES
  [1m[36mSQL (18.0ms)[0m  [1mdescribe `microposts`[0m
  [1m[35mSQL (30.0ms)[0m  SHOW KEYS FROM `microposts`
  [1m[36mSQL (9.0ms)[0m  [1mdescribe `users`[0m
  [1m[35mSQL (1.0ms)[0m  SHOW KEYS FROM `users`
  [1m[36mSQL (210.0ms)[0m  [1mSHOW TABLES[0m
  [1m[35mSQL (2.0ms)[0m  SHOW TABLES
  [1m[36mSQL (24.0ms)[0m  [1mSELECT `schema_migrations`.`version` FROM `schema_migrations`[0m
Migrating to CreateMicroposts (20110524081303)
Migrating to CreateUsers (20110524081339)
  [1m[35mSQL (2.0ms)[0m  SHOW TABLES
  [1m[36mSQL (0.0ms)[0m  [1mSELECT `schema_migrations`.`version` FROM `schema_migrations`[0m
  [1m[35mSQL (2.0ms)[0m  SHOW TABLES
  [1m[36mSQL (18.0ms)[0m  [1mdescribe `microposts`[0m
  [1m[35mSQL (39.0ms)[0m  SHOW KEYS FROM `microposts`
  [1m[36mSQL (4.0ms)[0m  [1mdescribe `users`[0m
  [1m[35mSQL (1.0ms)[0m  SHOW KEYS FROM `users`


Started GET "/pages/about" for 127.0.0.1 at Mon May 30 15:34:43 +0300 2011
  Processing by PagesController#about as HTML
Rendered pages/about.html.erb within layouts/application (4.0ms)
Completed 200 OK in 28ms (Views: 28.0ms | ActiveRecord: 0.0ms)


Started GET "/pages/about" for 127.0.0.1 at Mon May 30 15:36:27 +0300 2011
  Processing by PagesController#about as HTML
Rendered pages/about.html.erb within layouts/application (3.0ms)
Completed 200 OK in 20ms (Views: 19.0ms | ActiveRecord: 0.0ms)


Started GET "/pages/" for 127.0.0.1 at Mon May 30 15:36:32 +0300 2011

ActionController::RoutingError (No route matches "/pages"):
  

Rendered C:/Ruby187/lib/ruby/gems/1.8/gems/actionpack-3.0.3/lib/action_dispatch/middleware/templates/rescues/routing_error.erb within rescues/layout (1.0ms)


Started GET "/pages/contact" for 127.0.0.1 at Mon May 30 15:36:37 +0300 2011
  Processing by PagesController#contact as HTML
Rendered pages/contact.html.erb within layouts/application (4.0ms)
Completed 200 OK in 22ms (Views: 21.0ms | ActiveRecord: 0.0ms)


Started GET "/pages/about" for 127.0.0.1 at Mon May 30 15:36:40 +0300 2011
  Processing by PagesController#about as HTML
Rendered pages/about.html.erb within layouts/application (4.0ms)
Completed 200 OK in 44ms (Views: 43.0ms | ActiveRecord: 0.0ms)


Started GET "/pages/home" for 127.0.0.1 at Mon May 30 15:47:07 +0300 2011
  Processing by PagesController#home as HTML
Rendered pages/home.html.erb within layouts/application (3.0ms)
Completed 200 OK in 20ms (Views: 20.0ms | ActiveRecord: 0.0ms)


Started GET "/pages" for 127.0.0.1 at Mon May 30 15:50:21 +0300 2011

ActionController::RoutingError (No route matches "/pages"):
  

Rendered C:/Ruby187/lib/ruby/gems/1.8/gems/actionpack-3.0.3/lib/action_dispatch/middleware/templates/rescues/routing_error.erb within rescues/layout (0.0ms)


Started GET "/pages/about" for 127.0.0.1 at Mon May 30 15:50:25 +0300 2011
  Processing by PagesController#about as HTML
Rendered pages/about.html.erb within layouts/application (5.0ms)
Completed 200 OK in 46ms (Views: 45.0ms | ActiveRecord: 0.0ms)


Started GET "/pages/home" for 127.0.0.1 at Mon May 30 15:50:31 +0300 2011
  Processing by PagesController#home as HTML
Rendered pages/home.html.erb within layouts/application (3.0ms)
Completed 200 OK in 24ms (Views: 24.0ms | ActiveRecord: 0.0ms)


Started GET "/pages/home" for 127.0.0.1 at Mon May 30 15:51:11 +0300 2011
  Processing by PagesController#home as HTML
Rendered pages/home.html.erb within layouts/application (3.0ms)
Completed 200 OK in 19ms (Views: 18.0ms | ActiveRecord: 0.0ms)


Started GET "/pages/about" for 127.0.0.1 at Mon May 30 15:51:17 +0300 2011
  Processing by PagesController#about as HTML
Rendered pages/about.html.erb within layouts/application (4.0ms)
Completed 200 OK in 20ms (Views: 19.0ms | ActiveRecord: 0.0ms)


Started GET "/pages/about" for 127.0.0.1 at Mon May 30 15:51:25 +0300 2011
  Processing by PagesController#about as HTML
Rendered pages/about.html.erb within layouts/application (4.0ms)
Completed 200 OK in 22ms (Views: 21.0ms | ActiveRecord: 0.0ms)


Started GET "/pages/home" for 127.0.0.1 at Mon May 30 15:51:40 +0300 2011
  Processing by PagesController#home as HTML
Rendered pages/home.html.erb within layouts/application (3.0ms)
Completed 200 OK in 22ms (Views: 21.0ms | ActiveRecord: 0.0ms)


Started GET "/pages/home" for 127.0.0.1 at Mon May 30 15:51:46 +0300 2011
  Processing by PagesController#home as HTML
Rendered pages/home.html.erb within layouts/application (4.0ms)
Completed 200 OK in 21ms (Views: 21.0ms | ActiveRecord: 0.0ms)
